android/app/build/intermediates/manifest_merge_blame_file/release/processReleaseMainManifest/manifest-merger-blame-release-report.txt
1<?xml version="1.0" encoding="utf-8"?>
2<manifest xmlns:android="http://schemas.android.com/apk/res/android"
3    package="com.bulksms.smsmanager"
4    android:versionCode="2"
5    android:versionName="1.1.1" >
6
7    <uses-sdk
8        android:minSdkVersion="24"
9        android:targetSdkVersion="34" />
10
11    <!-- Android 11+ package visibility for opening URLs in browser -->
12    <queries>
12-->src\main\AndroidManifest.xml:6:3-19:13
13        <intent>
13-->src\main\AndroidManifest.xml:7:5-10:14
14            <action android:name="android.intent.action.VIEW" />
14-->src\main\AndroidManifest.xml:8:7-59
14-->src\main\AndroidManifest.xml:8:15-56
15
16            <data android:scheme="https" />
16-->src\main\AndroidManifest.xml:9:7-38
16-->src\main\AndroidManifest.xml:9:13-35
17        </intent>
18        <intent>
18-->src\main\AndroidManifest.xml:11:5-14:14
19            <action android:name="android.intent.action.VIEW" />
19-->src\main\AndroidManifest.xml:8:7-59
19-->src\main\AndroidManifest.xml:8:15-56
20
21            <data android:scheme="http" />
21-->src\main\AndroidManifest.xml:9:7-38
21-->src\main\AndroidManifest.xml:9:13-35
22        </intent>
23        <intent>
23-->src\main\AndroidManifest.xml:15:5-18:14
24            <action android:name="android.intent.action.VIEW" />
24-->src\main\AndroidManifest.xml:8:7-59
24-->src\main\AndroidManifest.xml:8:15-56
25
26            <data android:scheme="tel" />
26-->src\main\AndroidManifest.xml:9:7-38
26-->src\main\AndroidManifest.xml:9:13-35
27        </intent>
28    </queries>
29
30    <uses-permission android:name="android.permission.INTERNET" />
30-->src\main\AndroidManifest.xml:21:3-65
30-->src\main\AndroidManifest.xml:21:20-62
31    <uses-permission android:name="android.permission.INTERNET" />
31-->src\main\AndroidManifest.xml:21:3-65
31-->src\main\AndroidManifest.xml:21:20-62
32    <uses-permission android:name="android.permission.FOREGROUND_SERVICE" />
32-->src\main\AndroidManifest.xml:23:3-75
32-->src\main\AndroidManifest.xml:23:20-72
33    <uses-permission android:name="android.permission.FOREGROUND_SERVICE_DATA_SYNC" />
33-->src\main\AndroidManifest.xml:24:3-85
33-->src\main\AndroidManifest.xml:24:20-82
34    <uses-permission android:name="android.permission.CALL_PHONE" />
34-->src\main\AndroidManifest.xml:25:3-67
34-->src\main\AndroidManifest.xml:25:20-64
35    <uses-permission android:name="android.permission.POST_NOTIFICATIONS" />
35-->src\main\AndroidManifest.xml:26:3-75
35-->src\main\AndroidManifest.xml:26:20-72
36    <uses-permission android:name="android.permission.WAKE_LOCK" />
36-->src\main\AndroidManifest.xml:27:3-66
36-->src\main\AndroidManifest.xml:27:20-63
37    <uses-permission android:name="android.permission.READ_CONTACTS" />
37-->src\main\AndroidManifest.xml:28:3-70
37-->src\main\AndroidManifest.xml:28:20-67
38    <uses-permission android:name="android.permission.READ_PHONE_STATE" />
38-->src\main\AndroidManifest.xml:29:3-73
38-->src\main\AndroidManifest.xml:29:20-70
39    <uses-permission android:name="android.permission.SEND_SMS" />
39-->src\main\AndroidManifest.xml:30:3-65
39-->src\main\AndroidManifest.xml:30:20-62
40    <uses-permission android:name="android.permission.RECEIVE_SMS" />
40-->src\main\AndroidManifest.xml:31:3-68
40-->src\main\AndroidManifest.xml:31:20-65
41    <uses-permission android:name="android.permission.READ_SMS" />
41-->src\main\AndroidManifest.xml:32:3-65
41-->src\main\AndroidManifest.xml:32:20-62
42    <uses-permission android:name="android.permission.READ_CELL_BROADCASTS" />
42-->src\main\AndroidManifest.xml:33:3-77
42-->src\main\AndroidManifest.xml:33:20-74
43    <uses-permission android:name="android.permission.RECEIVE_CELL_BROADCASTS" />
43-->src\main\AndroidManifest.xml:34:3-80
43-->src\main\AndroidManifest.xml:34:20-77
44    <uses-permission android:name="android.permission.RECEIVE_WAP_PUSH" />
44-->src\main\AndroidManifest.xml:35:3-73
44-->src\main\AndroidManifest.xml:35:20-70
45    <uses-permission android:name="android.permission.BROADCAST_WAP_PUSH" />
45-->src\main\AndroidManifest.xml:36:3-75
45-->src\main\AndroidManifest.xml:36:20-72
46    <uses-permission android:name="android.permission.SEND_RESPOND_VIA_MESSAGE" />
46-->src\main\AndroidManifest.xml:38:3-81
46-->src\main\AndroidManifest.xml:38:20-78
47    <uses-permission android:name="android.permission.BROADCAST_SMS" />
47-->src\main\AndroidManifest.xml:39:3-70
47-->src\main\AndroidManifest.xml:39:20-67
48    <uses-permission android:name="android.permission.RECEIVE_BOOT_COMPLETED" />
48-->src\main\AndroidManifest.xml:41:3-79
48-->src\main\AndroidManifest.xml:41:20-76
49    <uses-permission android:name="android.permission.VIBRATE" />
49-->src\main\AndroidManifest.xml:42:3-64
49-->src\main\AndroidManifest.xml:42:20-61
50    <uses-permission android:name="android.permission.READ_CALENDAR" />
50-->src\main\AndroidManifest.xml:43:3-70
50-->src\main\AndroidManifest.xml:43:20-67
51    <uses-permission android:name="android.permission.ACCESS_COARSE_LOCATION" />
51-->src\main\AndroidManifest.xml:44:3-79
51-->src\main\AndroidManifest.xml:44:20-76
52    <uses-permission android:name="android.permission.ACCESS_FINE_LOCATION" />
52-->src\main\AndroidManifest.xml:45:3-77
52-->src\main\AndroidManifest.xml:45:20-74
53    <uses-permission android:name="android.permission.READ_EXTERNAL_STORAGE" />
53-->src\main\AndroidManifest.xml:47:3-78
53-->src\main\AndroidManifest.xml:47:20-75
54    <uses-permission android:name="android.permission.WRITE_EXTERNAL_STORAGE" />
54-->src\main\AndroidManifest.xml:48:3-79
54-->src\main\AndroidManifest.xml:48:20-76
55
56    <!-- Overlay permission for heads-up notifications over other apps -->
57    <uses-permission android:name="android.permission.SYSTEM_ALERT_WINDOW" />
57-->src\main\AndroidManifest.xml:51:3-76
57-->src\main\AndroidManifest.xml:51:20-73
58    <uses-permission android:name="android.permission.ACCESS_NETWORK_STATE" />
58-->[:react-native-community_netinfo] AndroidManifest.xml:7:5-79
58-->[:react-native-community_netinfo] AndroidManifest.xml:7:22-76
59    <uses-permission android:name="android.permission.ACCESS_WIFI_STATE" /> <!-- Required to to download files without a notification -->
59-->[:react-native-community_netinfo] AndroidManifest.xml:8:5-76
59-->[:react-native-community_netinfo] AndroidManifest.xml:8:22-73
60    <uses-permission android:name="android.permission.DOWNLOAD_WITHOUT_NOTIFICATION" />
60-->[:react-native-blob-util] AndroidManifest.xml:32:5-88
60-->[:react-native-blob-util] AndroidManifest.xml:32:22-85
61    <uses-permission android:name="android.permission.WRITE_CALENDAR" />
61-->[:react-native-calendar-events] AndroidManifest.xml:7:5-73
61-->[:react-native-calendar-events] AndroidManifest.xml:7:22-70
62    <uses-permission android:name="android.permission.USE_BIOMETRIC" />
62-->[:react-native-keychain] AndroidManifest.xml:10:5-72
62-->[:react-native-keychain] AndroidManifest.xml:10:22-69
63    <uses-permission android:name="android.permission.USE_FINGERPRINT" />
63-->[:react-native-keychain] AndroidManifest.xml:11:5-74
63-->[:react-native-keychain] AndroidManifest.xml:11:22-71
64
65    <permission
65-->[androidx.core:core:1.13.1] AndroidManifest.xml:22:5-24:47
66        android:name="com.bulksms.smsmanager.DYNAMIC_RECEIVER_NOT_EXPORTED_PERMISSION"
66-->[androidx.core:core:1.13.1] AndroidManifest.xml:23:9-81
67        android:protectionLevel="signature" />
67-->[androidx.core:core:1.13.1] AndroidManifest.xml:24:9-44
68
69    <uses-permission android:name="com.bulksms.smsmanager.DYNAMIC_RECEIVER_NOT_EXPORTED_PERMISSION" />
69-->[androidx.core:core:1.13.1] AndroidManifest.xml:26:5-97
69-->[androidx.core:core:1.13.1] AndroidManifest.xml:26:22-94
70    <uses-permission android:name="android.permission.SCHEDULE_EXACT_ALARM" />
70-->[app.notifee:core:202108261754] AndroidManifest.xml:16:5-79
70-->[app.notifee:core:202108261754] AndroidManifest.xml:16:22-76
71    <uses-permission
71-->[app.notifee:core:202108261754] AndroidManifest.xml:17:5-19:38
72        android:name="android.permission.BROADCAST_CLOSE_SYSTEM_DIALOGS"
72-->[app.notifee:core:202108261754] AndroidManifest.xml:18:9-73
73        android:maxSdkVersion="30" /> <!-- For Xiaomi devices to enable heads-up notifications as default (https://github.com/invertase/notifee/issues/296) -->
73-->[app.notifee:core:202108261754] AndroidManifest.xml:19:9-35
74    <uses-permission
74-->[app.notifee:core:202108261754] AndroidManifest.xml:21:5-23:38
75        android:name="android.permission.ACCESS_NOTIFICATION_POLICY"
75-->[app.notifee:core:202108261754] AndroidManifest.xml:22:9-69
76        android:minSdkVersion="23" />
76-->[app.notifee:core:202108261754] AndroidManifest.xml:23:9-35
77    <uses-permission android:name="com.google.android.finsky.permission.BIND_GET_INSTALL_REFERRER_SERVICE" />
77-->[com.android.installreferrer:installreferrer:1.1.2] AndroidManifest.xml:9:5-110
77-->[com.android.installreferrer:installreferrer:1.1.2] AndroidManifest.xml:9:22-107
78
79    <application
79-->src\main\AndroidManifest.xml:53:3-171:17
80        android:name="com.bulksms.smsmanager.MainApplication"
80-->src\main\AndroidManifest.xml:54:7-38
81        android:allowBackup="false"
81-->src\main\AndroidManifest.xml:55:7-34
82        android:appComponentFactory="androidx.core.app.CoreComponentFactory"
82-->[androidx.core:core:1.13.1] AndroidManifest.xml:28:18-86
83        android:extractNativeLibs="false"
84        android:icon="@mipmap/ic_launcher"
84-->src\main\AndroidManifest.xml:56:7-41
85        android:label="@string/app_name"
85-->src\main\AndroidManifest.xml:57:7-39
86        android:networkSecurityConfig="@xml/network_security_config"
86-->src\main\AndroidManifest.xml:61:7-67
87        android:roundIcon="@mipmap/ic_launcher_round"
87-->src\main\AndroidManifest.xml:58:7-52
88        android:supportsRtl="true"
88-->src\main\AndroidManifest.xml:59:7-33
89        android:theme="@style/AppTheme"
89-->src\main\AndroidManifest.xml:62:7-38
90        android:usesCleartextTraffic="false" >
90-->src\main\AndroidManifest.xml:60:7-43
91        <meta-data
91-->src\main\AndroidManifest.xml:64:5-125
92            android:name="firebase_crashlytics_collection_enabled"
92-->src\main\AndroidManifest.xml:64:16-70
93            android:value="false" />
93-->src\main\AndroidManifest.xml:64:71-92
94        <meta-data
94-->src\main\AndroidManifest.xml:65:5-126
95            android:name="google_analytics_adid_collection_enabled"
95-->src\main\AndroidManifest.xml:65:16-71
96            android:value="false" />
96-->src\main\AndroidManifest.xml:65:72-93
97
98        <activity
98-->src\main\AndroidManifest.xml:67:5-92:16
99            android:name="com.bulksms.smsmanager.MainActivity"
99-->src\main\AndroidManifest.xml:68:9-37
100            android:exported="true"
100-->src\main\AndroidManifest.xml:69:9-32
101            android:launchMode="singleTask"
101-->src\main\AndroidManifest.xml:71:9-40
102            android:windowSoftInputMode="adjustResize" >
102-->src\main\AndroidManifest.xml:70:9-51
103            <intent-filter>
103-->src\main\AndroidManifest.xml:72:7-75:23
104                <action android:name="android.intent.action.MAIN" />
104-->src\main\AndroidManifest.xml:73:9-61
104-->src\main\AndroidManifest.xml:73:17-58
105
106                <category android:name="android.intent.category.LAUNCHER" />
106-->src\main\AndroidManifest.xml:74:9-69
106-->src\main\AndroidManifest.xml:74:19-66
107            </intent-filter>
108            <intent-filter>
108-->src\main\AndroidManifest.xml:76:7-81:23
109                <action android:name="android.intent.action.VIEW" />
109-->src\main\AndroidManifest.xml:8:7-59
109-->src\main\AndroidManifest.xml:8:15-56
110
111                <category android:name="android.intent.category.DEFAULT" />
111-->src\main\AndroidManifest.xml:78:9-68
111-->src\main\AndroidManifest.xml:78:19-65
112                <category android:name="android.intent.category.BROWSABLE" />
112-->src\main\AndroidManifest.xml:79:9-70
112-->src\main\AndroidManifest.xml:79:19-67
113
114                <data android:scheme="bulksms" />
114-->src\main\AndroidManifest.xml:9:7-38
114-->src\main\AndroidManifest.xml:9:13-35
115            </intent-filter>
116            <intent-filter>
116-->src\main\AndroidManifest.xml:82:7-91:23
117                <action android:name="android.intent.action.SEND" />
117-->src\main\AndroidManifest.xml:83:9-61
117-->src\main\AndroidManifest.xml:83:17-58
118                <action android:name="android.intent.action.SENDTO" />
118-->src\main\AndroidManifest.xml:84:9-63
118-->src\main\AndroidManifest.xml:84:17-60
119
120                <category android:name="android.intent.category.DEFAULT" />
120-->src\main\AndroidManifest.xml:78:9-68
120-->src\main\AndroidManifest.xml:78:19-65
121                <category android:name="android.intent.category.BROWSABLE" />
121-->src\main\AndroidManifest.xml:79:9-70
121-->src\main\AndroidManifest.xml:79:19-67
122
123                <data android:scheme="sms" />
123-->src\main\AndroidManifest.xml:9:7-38
123-->src\main\AndroidManifest.xml:9:13-35
124                <data android:scheme="smsto" />
124-->src\main\AndroidManifest.xml:9:7-38
124-->src\main\AndroidManifest.xml:9:13-35
125                <data android:scheme="mms" />
125-->src\main\AndroidManifest.xml:9:7-38
125-->src\main\AndroidManifest.xml:9:13-35
126                <data android:scheme="mmsto" />
126-->src\main\AndroidManifest.xml:9:7-38
126-->src\main\AndroidManifest.xml:9:13-35
127            </intent-filter>
128        </activity>
129
130        <!-- SMS_DELIVER is required for default SMS app (Android 4.4+) -->
131        <receiver
131-->src\main\AndroidManifest.xml:95:5-101:16
132            android:name="com.bulksms.smsmanager.SmsReceiver"
132-->src\main\AndroidManifest.xml:95:15-42
133            android:exported="true"
133-->src\main\AndroidManifest.xml:96:15-38
134            android:permission="android.permission.BROADCAST_SMS" >
134-->src\main\AndroidManifest.xml:97:15-68
135            <intent-filter android:priority="999" >
135-->src\main\AndroidManifest.xml:98:7-100:23
135-->src\main\AndroidManifest.xml:98:22-44
136                <action android:name="android.provider.Telephony.SMS_DELIVER" />
136-->src\main\AndroidManifest.xml:99:9-73
136-->src\main\AndroidManifest.xml:99:17-70
137            </intent-filter>
138        </receiver>
139
140        <!-- SMS_RECEIVED allows receiving SMS when NOT the default app -->
141        <!-- Must be separate receiver WITHOUT permission restriction -->
142        <receiver
142-->src\main\AndroidManifest.xml:105:5-110:16
143            android:name="com.bulksms.smsmanager.SmsReceivedReceiver"
143-->src\main\AndroidManifest.xml:105:15-50
144            android:exported="true" >
144-->src\main\AndroidManifest.xml:106:15-38
145            <intent-filter android:priority="999" >
145-->src\main\AndroidManifest.xml:107:7-109:23
145-->src\main\AndroidManifest.xml:107:22-44
146                <action android:name="android.provider.Telephony.SMS_RECEIVED" />
146-->src\main\AndroidManifest.xml:108:9-74
146-->src\main\AndroidManifest.xml:108:17-71
147            </intent-filter>
148        </receiver>
149        <receiver
149-->src\main\AndroidManifest.xml:112:5-118:16
150            android:name="com.bulksms.smsmanager.IncomingSmsReceiver"
150-->src\main\AndroidManifest.xml:112:15-50
151            android:exported="true"
151-->src\main\AndroidManifest.xml:113:15-38
152            android:permission="android.permission.BROADCAST_SMS" >
152-->src\main\AndroidManifest.xml:114:15-68
153            <intent-filter>
153-->src\main\AndroidManifest.xml:107:7-109:23
154                <action android:name="android.provider.Telephony.SMS_RECEIVED" />
154-->src\main\AndroidManifest.xml:108:9-74
154-->src\main\AndroidManifest.xml:108:17-71
155            </intent-filter>
156        </receiver>
157
158        <!-- WAP_PUSH_DELIVER is required for default SMS app to receive MMS -->
159        <receiver
159-->src\main\AndroidManifest.xml:121:5-128:16
160            android:name="com.bulksms.smsmanager.MmsReceiver"
160-->src\main\AndroidManifest.xml:121:15-42
161            android:exported="true"
161-->src\main\AndroidManifest.xml:122:15-38
162            android:permission="android.permission.BROADCAST_WAP_PUSH" >
162-->src\main\AndroidManifest.xml:123:15-73
163            <intent-filter>
163-->src\main\AndroidManifest.xml:124:7-127:23
164                <action android:name="android.provider.Telephony.WAP_PUSH_DELIVER" />
164-->src\main\AndroidManifest.xml:125:9-78
164-->src\main\AndroidManifest.xml:125:17-75
165
166                <data android:mimeType="application/vnd.wap.mms-message" />
166-->src\main\AndroidManifest.xml:9:7-38
166-->src\main\AndroidManifest.xml:126:15-65
167            </intent-filter>
168        </receiver>
169        <receiver
169-->src\main\AndroidManifest.xml:130:5-74
170            android:name="com.bulksms.smsmanager.SMSStatusReceiver"
170-->src\main\AndroidManifest.xml:130:15-48
171            android:exported="true" />
171-->src\main\AndroidManifest.xml:130:49-72
172        <receiver
172-->src\main\AndroidManifest.xml:132:5-137:16
173            android:name="com.bulksms.smsmanager.BootReceiver"
173-->src\main\AndroidManifest.xml:132:15-43
174            android:enabled="true"
174-->src\main\AndroidManifest.xml:132:44-66
175            android:exported="true" >
175-->src\main\AndroidManifest.xml:132:67-90
176            <intent-filter>
176-->src\main\AndroidManifest.xml:133:7-136:23
177                <action android:name="android.intent.action.BOOT_COMPLETED" />
177-->src\main\AndroidManifest.xml:134:9-71
177-->src\main\AndroidManifest.xml:134:17-68
178                <action android:name="android.intent.action.LOCKED_BOOT_COMPLETED" />
178-->src\main\AndroidManifest.xml:135:9-78
178-->src\main\AndroidManifest.xml:135:17-75
179            </intent-filter>
180        </receiver>
181
182        <service
182-->src\main\AndroidManifest.xml:139:5-117
183            android:name="com.bulksms.smsmanager.SmsListenerService"
183-->src\main\AndroidManifest.xml:139:14-48
184            android:exported="false"
184-->src\main\AndroidManifest.xml:139:49-73
185            android:foregroundServiceType="dataSync" />
185-->src\main\AndroidManifest.xml:139:74-114
186        <service
186-->src\main\AndroidManifest.xml:141:5-152:15
187            android:name="com.bulksms.smsmanager.HeadlessSmsSendService"
187-->src\main\AndroidManifest.xml:141:14-52
188            android:exported="true"
188-->src\main\AndroidManifest.xml:143:14-37
189            android:permission="android.permission.SEND_RESPOND_VIA_MESSAGE" >
189-->src\main\AndroidManifest.xml:142:14-78
190            <intent-filter>
190-->src\main\AndroidManifest.xml:144:7-151:23
191                <action android:name="android.intent.action.RESPOND_VIA_MESSAGE" />
191-->src\main\AndroidManifest.xml:145:9-76
191-->src\main\AndroidManifest.xml:145:17-73
192
193                <category android:name="android.intent.category.DEFAULT" />
193-->src\main\AndroidManifest.xml:78:9-68
193-->src\main\AndroidManifest.xml:78:19-65
194
195                <data android:scheme="sms" />
195-->src\main\AndroidManifest.xml:9:7-38
195-->src\main\AndroidManifest.xml:9:13-35
196                <data android:scheme="smsto" />
196-->src\main\AndroidManifest.xml:9:7-38
196-->src\main\AndroidManifest.xml:9:13-35
197                <data android:scheme="mms" />
197-->src\main\AndroidManifest.xml:9:7-38
197-->src\main\AndroidManifest.xml:9:13-35
198                <data android:scheme="mmsto" />
198-->src\main\AndroidManifest.xml:9:7-38
198-->src\main\AndroidManifest.xml:9:13-35
199            </intent-filter>
200        </service>
201        <service
201-->src\main\AndroidManifest.xml:154:5-158:52
202            android:name="com.bulksms.smsmanager.BackgroundSmsSenderService"
202-->src\main\AndroidManifest.xml:155:9-51
203            android:enabled="false"
203-->src\main\AndroidManifest.xml:157:9-32
204            android:exported="false"
204-->src\main\AndroidManifest.xml:156:9-33
205            android:foregroundServiceType="dataSync" />
205-->src\main\AndroidManifest.xml:158:9-49
206        <service
206-->src\main\AndroidManifest.xml:160:5-162:40
207            android:name="com.bulksms.smsmanager.SMSRelayService"
207-->src\main\AndroidManifest.xml:160:14-45
208            android:exported="false"
208-->src\main\AndroidManifest.xml:162:14-38
209            android:foregroundServiceType="dataSync" />
209-->src\main\AndroidManifest.xml:161:14-54
210
211        <!-- Required for WorkManager foreground service with DATA_SYNC type -->
212        <service
212-->src\main\AndroidManifest.xml:165:5-169:30
213            android:name="androidx.work.impl.foreground.SystemForegroundService"
213-->src\main\AndroidManifest.xml:166:9-77
214            android:directBootAware="false"
214-->[androidx.work:work-runtime:2.9.0] AndroidManifest.xml:55:13-44
215            android:enabled="@bool/enable_system_foreground_service_default"
215-->[androidx.work:work-runtime:2.9.0] AndroidManifest.xml:56:13-77
216            android:exported="false"
216-->src\main\AndroidManifest.xml:167:9-33
217            android:foregroundServiceType="dataSync" />
217-->src\main\AndroidManifest.xml:168:9-49
218
219        <meta-data
219-->[:expo-modules-core] AndroidManifest.xml:9:9-11:89
220            android:name="org.unimodules.core.AppLoader#react-native-headless"
220-->[:expo-modules-core] AndroidManifest.xml:10:13-79
221            android:value="expo.modules.adapters.react.apploader.RNHeadlessAppLoader" />
221-->[:expo-modules-core] AndroidManifest.xml:11:13-86
222        <meta-data
222-->[:expo-modules-core] AndroidManifest.xml:12:9-15:45
223            android:name="com.facebook.soloader.enabled"
223-->[:expo-modules-core] AndroidManifest.xml:13:13-57
224            android:value="true" />
224-->[:expo-modules-core] AndroidManifest.xml:14:13-33
225
226        <provider
226-->[:notifee_react-native] AndroidManifest.xml:8:9-12:40
227            android:name="io.invertase.notifee.NotifeeInitProvider"
227-->[:notifee_react-native] AndroidManifest.xml:9:13-68
228            android:authorities="com.bulksms.smsmanager.notifee-init-provider"
228-->[:notifee_react-native] AndroidManifest.xml:10:13-73
229            android:exported="false"
229-->[:notifee_react-native] AndroidManifest.xml:11:13-37
230            android:initOrder="-100" />
230-->[:notifee_react-native] AndroidManifest.xml:12:13-37
231        <provider
231-->[:react-native-blob-util] AndroidManifest.xml:35:9-43:20
232            android:name="com.ReactNativeBlobUtil.Utils.FileProvider"
232-->[:react-native-blob-util] AndroidManifest.xml:36:13-70
233            android:authorities="com.bulksms.smsmanager.provider"
233-->[:react-native-blob-util] AndroidManifest.xml:37:13-60
234            android:exported="false"
234-->[:react-native-blob-util] AndroidManifest.xml:38:13-37
235            android:grantUriPermissions="true" >
235-->[:react-native-blob-util] AndroidManifest.xml:39:13-47
236            <meta-data
236-->[:react-native-blob-util] AndroidManifest.xml:40:13-42:58
237                android:name="android.support.FILE_PROVIDER_PATHS"
237-->[:react-native-blob-util] AndroidManifest.xml:41:17-67
238                android:resource="@xml/provider_paths" />
238-->[:react-native-blob-util] AndroidManifest.xml:42:17-55
239        </provider>
240        <provider
240-->[:react-native-share] AndroidManifest.xml:8:9-16:20
241            android:name="cl.json.RNShareFileProvider"
241-->[:react-native-share] AndroidManifest.xml:9:13-55
242            android:authorities="com.bulksms.smsmanager.rnshare.fileprovider"
242-->[:react-native-share] AndroidManifest.xml:10:13-72
243            android:exported="false"
243-->[:react-native-share] AndroidManifest.xml:11:13-37
244            android:grantUriPermissions="true" >
244-->[:react-native-share] AndroidManifest.xml:12:13-47
245            <meta-data
245-->[:react-native-blob-util] AndroidManifest.xml:40:13-42:58
246                android:name="android.support.FILE_PROVIDER_PATHS"
246-->[:react-native-blob-util] AndroidManifest.xml:41:17-67
247                android:resource="@xml/share_download_paths" />
247-->[:react-native-blob-util] AndroidManifest.xml:42:17-55
248        </provider>
249        <provider
249-->[:react-native-webview] AndroidManifest.xml:8:9-16:20
250            android:name="com.reactnativecommunity.webview.RNCWebViewFileProvider"
250-->[:react-native-webview] AndroidManifest.xml:9:13-83
251            android:authorities="com.bulksms.smsmanager.fileprovider"
251-->[:react-native-webview] AndroidManifest.xml:10:13-64
252            android:exported="false"
252-->[:react-native-webview] AndroidManifest.xml:11:13-37
253            android:grantUriPermissions="true" >
253-->[:react-native-webview] AndroidManifest.xml:12:13-47
254            <meta-data
254-->[:react-native-blob-util] AndroidManifest.xml:40:13-42:58
255                android:name="android.support.FILE_PROVIDER_PATHS"
255-->[:react-native-blob-util] AndroidManifest.xml:41:17-67
256                android:resource="@xml/file_provider_paths" />
256-->[:react-native-blob-util] AndroidManifest.xml:42:17-55
257        </provider>
258        <provider
258-->[androidx.emoji2:emoji2:1.3.0] AndroidManifest.xml:24:9-32:20
259            android:name="androidx.startup.InitializationProvider"
259-->[androidx.emoji2:emoji2:1.3.0] AndroidManifest.xml:25:13-67
260            android:authorities="com.bulksms.smsmanager.androidx-startup"
260-->[androidx.emoji2:emoji2:1.3.0] AndroidManifest.xml:26:13-68
261            android:exported="false" >
261-->[androidx.emoji2:emoji2:1.3.0] AndroidManifest.xml:27:13-37
262            <meta-data
262-->[androidx.emoji2:emoji2:1.3.0] AndroidManifest.xml:29:13-31:52
263                android:name="androidx.emoji2.text.EmojiCompatInitializer"
263-->[androidx.emoji2:emoji2:1.3.0] AndroidManifest.xml:30:17-75
264                android:value="androidx.startup" />
264-->[androidx.emoji2:emoji2:1.3.0] AndroidManifest.xml:31:17-49
265            <meta-data
265-->[androidx.work:work-runtime:2.9.0] AndroidManifest.xml:34:13-36:52
266                android:name="androidx.work.WorkManagerInitializer"
266-->[androidx.work:work-runtime:2.9.0] AndroidManifest.xml:35:17-68
267                android:value="androidx.startup" />
267-->[androidx.work:work-runtime:2.9.0] AndroidManifest.xml:36:17-49
268            <meta-data
268-->[androidx.lifecycle:lifecycle-process:2.8.3] AndroidManifest.xml:29:13-31:52
269                android:name="androidx.lifecycle.ProcessLifecycleInitializer"
269-->[androidx.lifecycle:lifecycle-process:2.8.3] AndroidManifest.xml:30:17-78
270                android:value="androidx.startup" />
270-->[androidx.lifecycle:lifecycle-process:2.8.3] AndroidManifest.xml:31:17-49
271            <meta-data
271-->[androidx.profileinstaller:profileinstaller:1.3.1] AndroidManifest.xml:29:13-31:52
272                android:name="androidx.profileinstaller.ProfileInstallerInitializer"
272-->[androidx.profileinstaller:profileinstaller:1.3.1] AndroidManifest.xml:30:17-85
273                android:value="androidx.startup" />
273-->[androidx.profileinstaller:profileinstaller:1.3.1] AndroidManifest.xml:31:17-49
274        </provider>
275
276        <service
276-->[androidx.work:work-runtime:2.9.0] AndroidManifest.xml:39:9-45:35
277            android:name="androidx.work.impl.background.systemalarm.SystemAlarmService"
277-->[androidx.work:work-runtime:2.9.0] AndroidManifest.xml:40:13-88
278            android:directBootAware="false"
278-->[androidx.work:work-runtime:2.9.0] AndroidManifest.xml:41:13-44
279            android:enabled="@bool/enable_system_alarm_service_default"
279-->[androidx.work:work-runtime:2.9.0] AndroidManifest.xml:42:13-72
280            android:exported="false" />
280-->[androidx.work:work-runtime:2.9.0] AndroidManifest.xml:43:13-37
281        <service
281-->[androidx.work:work-runtime:2.9.0] AndroidManifest.xml:46:9-52:35
282            android:name="androidx.work.impl.background.systemjob.SystemJobService"
282-->[androidx.work:work-runtime:2.9.0] AndroidManifest.xml:47:13-84
283            android:directBootAware="false"
283-->[androidx.work:work-runtime:2.9.0] AndroidManifest.xml:48:13-44
284            android:enabled="@bool/enable_system_job_service_default"
284-->[androidx.work:work-runtime:2.9.0] AndroidManifest.xml:49:13-70
285            android:exported="true"
285-->[androidx.work:work-runtime:2.9.0] AndroidManifest.xml:50:13-36
286            android:permission="android.permission.BIND_JOB_SERVICE" />
286-->[androidx.work:work-runtime:2.9.0] AndroidManifest.xml:51:13-69
287
288        <receiver
288-->[androidx.work:work-runtime:2.9.0] AndroidManifest.xml:61:9-66:35
289            android:name="androidx.work.impl.utils.ForceStopRunnable$BroadcastReceiver"
289-->[androidx.work:work-runtime:2.9.0] AndroidManifest.xml:62:13-88
290            android:directBootAware="false"
290-->[androidx.work:work-runtime:2.9.0] AndroidManifest.xml:63:13-44
291            android:enabled="true"
291-->[androidx.work:work-runtime:2.9.0] AndroidManifest.xml:64:13-35
292            android:exported="false" />
292-->[androidx.work:work-runtime:2.9.0] AndroidManifest.xml:65:13-37
293        <receiver
293-->[androidx.work:work-runtime:2.9.0] AndroidManifest.xml:67:9-77:20
294            android:name="androidx.work.impl.background.systemalarm.ConstraintProxy$BatteryChargingProxy"
294-->[androidx.work:work-runtime:2.9.0] AndroidManifest.xml:68:13-106
295            android:directBootAware="false"
295-->[androidx.work:work-runtime:2.9.0] AndroidManifest.xml:69:13-44
296            android:enabled="false"
296-->[androidx.work:work-runtime:2.9.0] AndroidManifest.xml:70:13-36
297            android:exported="false" >
297-->[androidx.work:work-runtime:2.9.0] AndroidManifest.xml:71:13-37
298            <intent-filter>